<?xml version="1.0" encoding="UTF-8"?>
<!-- Generated by org.testng.reporters.JUnitXMLReporter -->
<testsuite ignored="0" hostname="CompediaPavel" failures="0" tests="8" name="Default test" time="24.205" errors="0" timestamp="02 Aug 2018 06:47:24 GMT">
  <testcase classname="com.italam.tests.Tests_API_REST" name="apiTestUpdateorganizationLicensing" time="3.733"/>
  <testcase classname="com.italam.tests.Tests_API_REST" name="apiTest_AllCases" time="3.118"/>
  <testcase classname="com.italam.tests.Tests_API_REST" name="apiTest_CreateOrganizationGetPassword" time="1.279"/>
  <testcase classname="com.italam.tests.Tests_API_REST" name="apiTest_UpdateEmail" time="1.738"/>
  <testcase classname="com.italam.tests.Tests_API_REST" name="apiTest_UpdateOrgAdmin" time="1.651"/>
  <testcase classname="com.italam.tests.Tests_API_REST" name="apiTest_getInitialDatan" time="1.631"/>
  <testcase classname="com.italam.tests.Tests_API_REST" name="apiTest_getOrgAdmin" time="1.383"/>
  <testcase classname="com.italam.tests.Tests_API_REST" name="apiTest_getOrganizationProfile" time="1.585"/>
</testsuite> <!-- Default test -->
